/home/kit/stud/uqqww/miniconda3/envs/ml/lib/python3.8/site-packages/mpl_scatter_density/generic_density_artist.py:77: RuntimeWarning: All-NaN slice encountered
  vmin = self._density_vmin(array)
/home/kit/stud/uqqww/miniconda3/envs/ml/lib/python3.8/site-packages/mpl_scatter_density/generic_density_artist.py:82: RuntimeWarning: All-NaN slice encountered
  vmax = self._density_vmax(array)
/home/kit/stud/uqqww/miniconda3/envs/ml/lib/python3.8/site-packages/mpl_scatter_density/generic_density_artist.py:77: RuntimeWarning: All-NaN slice encountered
  vmin = self._density_vmin(array)
/home/kit/stud/uqqww/miniconda3/envs/ml/lib/python3.8/site-packages/mpl_scatter_density/generic_density_artist.py:82: RuntimeWarning: All-NaN slice encountered
  vmax = self._density_vmax(array)
/home/kit/stud/uqqww/miniconda3/envs/ml/lib/python3.8/site-packages/mpl_scatter_density/generic_density_artist.py:77: RuntimeWarning: All-NaN slice encountered
  vmin = self._density_vmin(array)
/home/kit/stud/uqqww/miniconda3/envs/ml/lib/python3.8/site-packages/mpl_scatter_density/generic_density_artist.py:82: RuntimeWarning: All-NaN slice encountered
  vmax = self._density_vmax(array)
/home/kit/stud/uqqww/miniconda3/envs/ml/lib/python3.8/site-packages/mpl_scatter_density/generic_density_artist.py:77: RuntimeWarning: All-NaN slice encountered
  vmin = self._density_vmin(array)
/home/kit/stud/uqqww/miniconda3/envs/ml/lib/python3.8/site-packages/mpl_scatter_density/generic_density_artist.py:82: RuntimeWarning: All-NaN slice encountered
  vmax = self._density_vmax(array)
/home/kit/stud/uqqww/miniconda3/envs/ml/lib/python3.8/site-packages/mpl_scatter_density/generic_density_artist.py:77: RuntimeWarning: All-NaN slice encountered
  vmin = self._density_vmin(array)
/home/kit/stud/uqqww/miniconda3/envs/ml/lib/python3.8/site-packages/mpl_scatter_density/generic_density_artist.py:82: RuntimeWarning: All-NaN slice encountered
  vmax = self._density_vmax(array)
/home/kit/stud/uqqww/miniconda3/envs/ml/lib/python3.8/site-packages/mpl_scatter_density/generic_density_artist.py:77: RuntimeWarning: All-NaN slice encountered
  vmin = self._density_vmin(array)
/home/kit/stud/uqqww/miniconda3/envs/ml/lib/python3.8/site-packages/mpl_scatter_density/generic_density_artist.py:82: RuntimeWarning: All-NaN slice encountered
  vmax = self._density_vmax(array)
/home/kit/stud/uqqww/miniconda3/envs/ml/lib/python3.8/site-packages/mpl_scatter_density/generic_density_artist.py:77: RuntimeWarning: All-NaN slice encountered
  vmin = self._density_vmin(array)
/home/kit/stud/uqqww/miniconda3/envs/ml/lib/python3.8/site-packages/mpl_scatter_density/generic_density_artist.py:82: RuntimeWarning: All-NaN slice encountered
  vmax = self._density_vmax(array)
/home/kit/stud/uqqww/miniconda3/envs/ml/lib/python3.8/site-packages/mpl_scatter_density/generic_density_artist.py:77: RuntimeWarning: All-NaN slice encountered
  vmin = self._density_vmin(array)
/home/kit/stud/uqqww/miniconda3/envs/ml/lib/python3.8/site-packages/mpl_scatter_density/generic_density_artist.py:82: RuntimeWarning: All-NaN slice encountered
  vmax = self._density_vmax(array)
/home/kit/stud/uqqww/miniconda3/envs/ml/lib/python3.8/site-packages/mpl_scatter_density/generic_density_artist.py:77: RuntimeWarning: All-NaN slice encountered
  vmin = self._density_vmin(array)
/home/kit/stud/uqqww/miniconda3/envs/ml/lib/python3.8/site-packages/mpl_scatter_density/generic_density_artist.py:82: RuntimeWarning: All-NaN slice encountered
  vmax = self._density_vmax(array)
/home/kit/stud/uqqww/miniconda3/envs/ml/lib/python3.8/site-packages/mpl_scatter_density/generic_density_artist.py:77: RuntimeWarning: All-NaN slice encountered
  vmin = self._density_vmin(array)
/home/kit/stud/uqqww/miniconda3/envs/ml/lib/python3.8/site-packages/mpl_scatter_density/generic_density_artist.py:82: RuntimeWarning: All-NaN slice encountered
  vmax = self._density_vmax(array)
/home/kit/stud/uqqww/miniconda3/envs/ml/lib/python3.8/site-packages/mpl_scatter_density/generic_density_artist.py:77: RuntimeWarning: All-NaN slice encountered
  vmin = self._density_vmin(array)
/home/kit/stud/uqqww/miniconda3/envs/ml/lib/python3.8/site-packages/mpl_scatter_density/generic_density_artist.py:82: RuntimeWarning: All-NaN slice encountered
  vmax = self._density_vmax(array)
/home/kit/stud/uqqww/miniconda3/envs/ml/lib/python3.8/site-packages/mpl_scatter_density/generic_density_artist.py:77: RuntimeWarning: All-NaN slice encountered
  vmin = self._density_vmin(array)
/home/kit/stud/uqqww/miniconda3/envs/ml/lib/python3.8/site-packages/mpl_scatter_density/generic_density_artist.py:82: RuntimeWarning: All-NaN slice encountered
  vmax = self._density_vmax(array)
/home/kit/stud/uqqww/miniconda3/envs/ml/lib/python3.8/site-packages/mpl_scatter_density/generic_density_artist.py:77: RuntimeWarning: All-NaN slice encountered
  vmin = self._density_vmin(array)
/home/kit/stud/uqqww/miniconda3/envs/ml/lib/python3.8/site-packages/mpl_scatter_density/generic_density_artist.py:82: RuntimeWarning: All-NaN slice encountered
  vmax = self._density_vmax(array)
Traceback (most recent call last):
  File "./Trainer.py", line 66, in <module>
    train(job_id, settings)
  File "./Trainer.py", line 27, in train
    best_err, r_squared = solver.evaluate(settings=settings, job_id=job_id)
  File "/pfs/data5/home/kit/stud/uqqww/PEGNN_reg4/solver.py", line 311, in evaluate
    for x_b, c_b, y_b, input_lengths, env_features, auxil_lenths in dataloader_ev:
ValueError: too many values to unpack (expected 5)
